{
    "numFailedTestSuites": 0,
    "numFailedTests": 0,
    "numPassedTestSuites": 1,
    "numPassedTests": 5,
    "numPendingTestSuites": 0,
    "numPendingTests": 0,
    "numRuntimeErrorTestSuites": 0,
    "numTodoTests": 0,
    "numTotalTestSuites": 1,
    "numTotalTests": 5,
    "openHandles": [],
    "snapshot": {
        "added": 0,
        "didUpdate": false,
        "failure": false,
        "filesAdded": 0,
        "filesRemoved": 0,
        "filesRemovedList": [],
        "filesUnmatched": 0,
        "filesUpdated": 0,
        "matched": 0,
        "total": 0,
        "unchecked": 0,
        "uncheckedKeysByFile": [],
        "unmatched": 0,
        "updated": 0
    },
    "startTime": 1674711863420,
    "success": true,
    "testResults": [
        {
            "assertionResults": [
                {
                    "ancestorTitles": ["Test Counter Component"],
                    "duration": 16,
                    "failureDetails": [],
                    "failureMessages": [],
                    "fullName": "Test Counter Component should be mounted",
                    "invocations": 1,
                    "location": null,
                    "numPassingAsserts": 0,
                    "retryReasons": [],
                    "status": "passed",
                    "title": "should be mounted"
                },
                {
                    "ancestorTitles": ["Test Counter Component"],
                    "duration": 15,
                    "failureDetails": [],
                    "failureMessages": [],
                    "fullName": "Test Counter Component should decrement the counter",
                    "invocations": 1,
                    "location": null,
                    "numPassingAsserts": 0,
                    "retryReasons": [],
                    "status": "passed",
                    "title": "should decrement the counter"
                },
                {
                    "ancestorTitles": ["Test Counter Component"],
                    "duration": 12,
                    "failureDetails": [],
                    "failureMessages": [],
                    "fullName": "Test Counter Component should decrement the counter async ",
                    "invocations": 1,
                    "location": null,
                    "numPassingAsserts": 0,
                    "retryReasons": [],
                    "status": "passed",
                    "title": "should decrement the counter async "
                },
                {
                    "ancestorTitles": ["Test Counter Component"],
                    "duration": 17,
                    "failureDetails": [],
                    "failureMessages": [],
                    "fullName": "Test Counter Component should increment the counter",
                    "invocations": 1,
                    "location": null,
                    "numPassingAsserts": 0,
                    "retryReasons": [],
                    "status": "passed",
                    "title": "should increment the counter"
                },
                {
                    "ancestorTitles": ["Test Counter Component"],
                    "duration": 12,
                    "failureDetails": [],
                    "failureMessages": [],
                    "fullName": "Test Counter Component should increment the counter async ",
                    "invocations": 1,
                    "location": null,
                    "numPassingAsserts": 0,
                    "retryReasons": [],
                    "status": "passed",
                    "title": "should increment the counter async "
                }
            ],
            "endTime": 1674711871160,
            "message": "",
            "name": "/Users/u013981/dev/Vue/boilerplate/components/Counter/__tests__/CounterComponent.spec.ts",
            "startTime": 1674711864860,
            "status": "passed",
            "summary": ""
        }
    ],
    "wasInterrupted": false
}
